<?xml version="1.0" encoding="UTF-8"?>
<!-- Generated by org.testng.reporters.JUnitXMLReporter -->
<testsuite ignored="48" hostname="DESKTOP-UUPIJUK" failures="1" tests="1" name="Default test" time="12.475" errors="0" timestamp="2022-06-17T15:24:55 WIB">
  <testcase classname="com.nexsoft.test.ExamTesting" name="userIDInvalid" time="3.518">
    <failure type="java.lang.AssertionError" message="Element to display Error message not found">
      <![CDATA[java.lang.AssertionError: Element to display Error message not found
at org.testng.Assert.fail(Assert.java:110)
at com.nexsoft.test.ExamTesting.userIDInvalid(ExamTesting.java:65)
at java.base/jdk.internal.reflect.NativeMethodAccessorImpl.invoke0(Native Method)
at java.base/jdk.internal.reflect.NativeMethodAccessorImpl.invoke(NativeMethodAccessorImpl.java:77)
at java.base/jdk.internal.reflect.DelegatingMethodAccessorImpl.invoke(DelegatingMethodAccessorImpl.java:43)
at java.base/java.lang.reflect.Method.invoke(Method.java:568)
at org.testng.internal.invokers.MethodInvocationHelper.invokeMethod(MethodInvocationHelper.java:139)
at org.testng.internal.invokers.TestInvoker.invokeMethod(TestInvoker.java:677)
at org.testng.internal.invokers.TestInvoker.invokeTestMethod(TestInvoker.java:221)
at org.testng.internal.invokers.MethodRunner.runInSequence(MethodRunner.java:50)
at org.testng.internal.invokers.TestInvoker$MethodInvocationAgent.invoke(TestInvoker.java:962)
at org.testng.internal.invokers.TestInvoker.invokeTestMethods(TestInvoker.java:194)
at org.testng.internal.invokers.TestMethodWorker.invokeTestMethods(TestMethodWorker.java:148)
at org.testng.internal.invokers.TestMethodWorker.run(TestMethodWorker.java:128)
at java.base/java.util.ArrayList.forEach(ArrayList.java:1511)
at org.testng.TestRunner.privateRun(TestRunner.java:806)
at org.testng.TestRunner.run(TestRunner.java:601)
at org.testng.SuiteRunner.runTest(SuiteRunner.java:433)
at org.testng.SuiteRunner.runSequentially(SuiteRunner.java:427)
at org.testng.SuiteRunner.privateRun(SuiteRunner.java:387)
at org.testng.SuiteRunner.run(SuiteRunner.java:330)
at org.testng.SuiteRunnerWorker.runSuite(SuiteRunnerWorker.java:52)
at org.testng.SuiteRunnerWorker.run(SuiteRunnerWorker.java:95)
at org.testng.TestNG.runSuitesSequentially(TestNG.java:1256)
at org.testng.TestNG.runSuitesLocally(TestNG.java:1176)
at org.testng.TestNG.runSuites(TestNG.java:1099)
at org.testng.TestNG.run(TestNG.java:1067)
at org.testng.remote.AbstractRemoteTestNG.run(AbstractRemoteTestNG.java:115)
at org.testng.remote.RemoteTestNG.initAndRun(RemoteTestNG.java:251)
at org.testng.remote.RemoteTestNG.main(RemoteTestNG.java:77)
]]>
    </failure>
  </testcase> <!-- userIDInvalid -->
  <testcase classname="com.nexsoft.test.ExamTesting" name="languageSelectChange" time="0.0">
    <ignored/>
  </testcase> <!-- languageSelectChange -->
  <testcase classname="com.nexsoft.test.ExamTesting" name="passwordValid" time="0.0">
    <ignored/>
  </testcase> <!-- passwordValid -->
  <testcase classname="com.nexsoft.test.ExamTesting" name="lastNameValid" time="0.0">
    <ignored/>
  </testcase> <!-- lastNameValid -->
  <testcase classname="com.nexsoft.test.ExamTesting" name="emailKosong" time="0.0">
    <ignored/>
  </testcase> <!-- emailKosong -->
  <testcase classname="com.nexsoft.test.ExamTesting" name="cityInvalid" time="0.0">
    <ignored/>
  </testcase> <!-- cityInvalid -->
  <testcase classname="com.nexsoft.test.ExamTesting" name="userIDKosong" time="0.0">
    <ignored/>
  </testcase> <!-- userIDKosong -->
  <testcase classname="com.nexsoft.test.ExamTesting" name="countryInvalid" time="0.0">
    <ignored/>
  </testcase> <!-- countryInvalid -->
  <testcase classname="com.nexsoft.test.ExamTesting" name="zipKosong" time="0.0">
    <ignored/>
  </testcase> <!-- zipKosong -->
  <testcase classname="com.nexsoft.test.ExamTesting" name="phoneInvalid" time="0.0">
    <ignored/>
  </testcase> <!-- phoneInvalid -->
  <testcase classname="com.nexsoft.test.ExamTesting" name="phoneKosong" time="0.0">
    <ignored/>
  </testcase> <!-- phoneKosong -->
  <testcase classname="com.nexsoft.test.ExamTesting" name="repeatPasswordInvalid" time="0.0">
    <ignored/>
  </testcase> <!-- repeatPasswordInvalid -->
  <testcase classname="com.nexsoft.test.ExamTesting" name="phoneValid" time="0.0">
    <ignored/>
  </testcase> <!-- phoneValid -->
  <testcase classname="com.nexsoft.test.ExamTesting" name="address2Invalid" time="0.0">
    <ignored/>
  </testcase> <!-- address2Invalid -->
  <testcase classname="com.nexsoft.test.ExamTesting" name="checkBoxMyBannerBisaDicentang" time="0.0">
    <ignored/>
  </testcase> <!-- checkBoxMyBannerBisaDicentang -->
  <testcase classname="com.nexsoft.test.ExamTesting" name="address1Kosong" time="0.0">
    <ignored/>
  </testcase> <!-- address1Kosong -->
  <testcase classname="com.nexsoft.test.ExamTesting" name="firstNameValid" time="0.0">
    <ignored/>
  </testcase> <!-- firstNameValid -->
  <testcase classname="com.nexsoft.test.ExamTesting" name="address2Kosong" time="0.0">
    <ignored/>
  </testcase> <!-- address2Kosong -->
  <testcase classname="com.nexsoft.test.ExamTesting" name="usernameInvalid" time="0.0">
    <ignored/>
  </testcase> <!-- usernameInvalid -->
  <testcase classname="com.nexsoft.test.ExamTesting" name="cityValid" time="0.0">
    <ignored/>
  </testcase> <!-- cityValid -->
  <testcase classname="com.nexsoft.test.ExamTesting" name="address1Invalid" time="0.0">
    <ignored/>
  </testcase> <!-- address1Invalid -->
  <testcase classname="com.nexsoft.test.ExamTesting" name="repeatPasswordKosong" time="0.0">
    <ignored/>
  </testcase> <!-- repeatPasswordKosong -->
  <testcase classname="com.nexsoft.test.ExamTesting" name="checkBoxMyListBisaDicentang" time="0.0">
    <ignored/>
  </testcase> <!-- checkBoxMyListBisaDicentang -->
  <testcase classname="com.nexsoft.test.ExamTesting" name="address2Valid" time="0.0">
    <ignored/>
  </testcase> <!-- address2Valid -->
  <testcase classname="com.nexsoft.test.ExamTesting" name="firstNameKosong" time="0.0">
    <ignored/>
  </testcase> <!-- firstNameKosong -->
  <testcase classname="com.nexsoft.test.ExamTesting" name="zipValid" time="0.0">
    <ignored/>
  </testcase> <!-- zipValid -->
  <testcase classname="com.nexsoft.test.ExamTesting" name="usernamePasswordNotRegistered" time="0.0">
    <ignored/>
  </testcase> <!-- usernamePasswordNotRegistered -->
  <testcase classname="com.nexsoft.test.ExamTesting" name="newPasswordValid" time="0.0">
    <ignored/>
  </testcase> <!-- newPasswordValid -->
  <testcase classname="com.nexsoft.test.ExamTesting" name="countryValid" time="0.0">
    <ignored/>
  </testcase> <!-- countryValid -->
  <testcase classname="com.nexsoft.test.ExamTesting" name="firstNameInvalid" time="0.0">
    <ignored/>
  </testcase> <!-- firstNameInvalid -->
  <testcase classname="com.nexsoft.test.ExamTesting" name="cityKosong" time="0.0">
    <ignored/>
  </testcase> <!-- cityKosong -->
  <testcase classname="com.nexsoft.test.ExamTesting" name="lastNameKosong" time="0.0">
    <ignored/>
  </testcase> <!-- lastNameKosong -->
  <testcase classname="com.nexsoft.test.ExamTesting" name="stateInvalid" time="0.0">
    <ignored/>
  </testcase> <!-- stateInvalid -->
  <testcase classname="com.nexsoft.test.ExamTesting" name="emailValid" time="0.0">
    <ignored/>
  </testcase> <!-- emailValid -->
  <testcase classname="com.nexsoft.test.ExamTesting" name="passwordKosong" time="0.0">
    <ignored/>
  </testcase> <!-- passwordKosong -->
  <testcase classname="com.nexsoft.test.ExamTesting" name="zipInvalid" time="0.0">
    <ignored/>
  </testcase> <!-- zipInvalid -->
  <testcase classname="com.nexsoft.test.ExamTesting" name="stateKosong" time="0.0">
    <ignored/>
  </testcase> <!-- stateKosong -->
  <testcase classname="com.nexsoft.test.ExamTesting" name="emailInvalid" time="0.0">
    <ignored/>
  </testcase> <!-- emailInvalid -->
  <testcase classname="com.nexsoft.test.ExamTesting" name="userIDValid" time="0.0">
    <ignored/>
  </testcase> <!-- userIDValid -->
  <testcase classname="com.nexsoft.test.ExamTesting" name="countryKosong" time="0.0">
    <ignored/>
  </testcase> <!-- countryKosong -->
  <testcase classname="com.nexsoft.test.ExamTesting" name="usernameKosong" time="0.0">
    <ignored/>
  </testcase> <!-- usernameKosong -->
  <testcase classname="com.nexsoft.test.ExamTesting" name="lastNameInvalid" time="0.0">
    <ignored/>
  </testcase> <!-- lastNameInvalid -->
  <testcase classname="com.nexsoft.test.ExamTesting" name="address1Valid" time="0.0">
    <ignored/>
  </testcase> <!-- address1Valid -->
  <testcase classname="com.nexsoft.test.ExamTesting" name="newPasswordKosong" time="0.0">
    <ignored/>
  </testcase> <!-- newPasswordKosong -->
  <testcase classname="com.nexsoft.test.ExamTesting" name="stateValid" time="0.0">
    <ignored/>
  </testcase> <!-- stateValid -->
  <testcase classname="com.nexsoft.test.ExamTesting" name="favouriteCategoryChange" time="0.0">
    <ignored/>
  </testcase> <!-- favouriteCategoryChange -->
  <testcase classname="com.nexsoft.test.ExamTesting" name="passwordInvalid" time="0.0">
    <ignored/>
  </testcase> <!-- passwordInvalid -->
  <testcase classname="com.nexsoft.test.ExamTesting" name="repeatPasswordValid" time="0.0">
    <ignored/>
  </testcase> <!-- repeatPasswordValid -->
  <testcase classname="com.nexsoft.test.ExamTesting" name="usernameValid" time="0.0">
    <ignored/>
  </testcase> <!-- usernameValid -->
</testsuite> <!-- Default test -->
