<?xml version="1.0" encoding="UTF-8"?>
<testng-results ignored="48" total="49" passed="0" failed="1" skipped="0">
  <reporter-output>
  </reporter-output>
  <suite started-at="2022-06-17T15:24:42 WIB" name="Default suite" finished-at="2022-06-17T15:24:55 WIB" duration-ms="12475">
    <groups>
    </groups>
    <test started-at="2022-06-17T15:24:42 WIB" name="Default test" finished-at="2022-06-17T15:24:55 WIB" duration-ms="12475">
      <class name="com.nexsoft.test.ExamTesting">
        <test-method is-config="true" signature="initial()[pri:0, instance:com.nexsoft.test.ExamTesting@6892b3b6]" started-at="2022-06-17T15:24:42 WIB" name="initial" finished-at="2022-06-17T15:24:51 WIB" duration-ms="8558" status="PASS">
          <reporter-output>
          </reporter-output>
        </test-method> <!-- initial -->
        <test-method is-config="true" signature="reset()[pri:0, instance:com.nexsoft.test.ExamTesting@6892b3b6]" started-at="2022-06-17T15:24:51 WIB" name="reset" finished-at="2022-06-17T15:24:51 WIB" duration-ms="273" status="PASS">
          <reporter-output>
          </reporter-output>
        </test-method> <!-- reset -->
        <test-method signature="userIDInvalid()[pri:1, instance:com.nexsoft.test.ExamTesting@6892b3b6]" started-at="2022-06-17T15:24:51 WIB" name="userIDInvalid" finished-at="2022-06-17T15:24:55 WIB" duration-ms="3518" status="FAIL">
          <exception class="java.lang.AssertionError">
            <message>
              <![CDATA[Element to display Error message not found]]>
            </message>
            <full-stacktrace>
              <![CDATA[java.lang.AssertionError: Element to display Error message not found
at org.testng.Assert.fail(Assert.java:110)
at com.nexsoft.test.ExamTesting.userIDInvalid(ExamTesting.java:65)
at java.base/jdk.internal.reflect.NativeMethodAccessorImpl.invoke0(Native Method)
at java.base/jdk.internal.reflect.NativeMethodAccessorImpl.invoke(NativeMethodAccessorImpl.java:77)
at java.base/jdk.internal.reflect.DelegatingMethodAccessorImpl.invoke(DelegatingMethodAccessorImpl.java:43)
at java.base/java.lang.reflect.Method.invoke(Method.java:568)
at org.testng.internal.invokers.MethodInvocationHelper.invokeMethod(MethodInvocationHelper.java:139)
at org.testng.internal.invokers.TestInvoker.invokeMethod(TestInvoker.java:677)
at org.testng.internal.invokers.TestInvoker.invokeTestMethod(TestInvoker.java:221)
at org.testng.internal.invokers.MethodRunner.runInSequence(MethodRunner.java:50)
at org.testng.internal.invokers.TestInvoker$MethodInvocationAgent.invoke(TestInvoker.java:962)
at org.testng.internal.invokers.TestInvoker.invokeTestMethods(TestInvoker.java:194)
at org.testng.internal.invokers.TestMethodWorker.invokeTestMethods(TestMethodWorker.java:148)
at org.testng.internal.invokers.TestMethodWorker.run(TestMethodWorker.java:128)
at java.base/java.util.ArrayList.forEach(ArrayList.java:1511)
at org.testng.TestRunner.privateRun(TestRunner.java:806)
at org.testng.TestRunner.run(TestRunner.java:601)
at org.testng.SuiteRunner.runTest(SuiteRunner.java:433)
at org.testng.SuiteRunner.runSequentially(SuiteRunner.java:427)
at org.testng.SuiteRunner.privateRun(SuiteRunner.java:387)
at org.testng.SuiteRunner.run(SuiteRunner.java:330)
at org.testng.SuiteRunnerWorker.runSuite(SuiteRunnerWorker.java:52)
at org.testng.SuiteRunnerWorker.run(SuiteRunnerWorker.java:95)
at org.testng.TestNG.runSuitesSequentially(TestNG.java:1256)
at org.testng.TestNG.runSuitesLocally(TestNG.java:1176)
at org.testng.TestNG.runSuites(TestNG.java:1099)
at org.testng.TestNG.run(TestNG.java:1067)
at org.testng.remote.AbstractRemoteTestNG.run(AbstractRemoteTestNG.java:115)
at org.testng.remote.RemoteTestNG.initAndRun(RemoteTestNG.java:251)
at org.testng.remote.RemoteTestNG.main(RemoteTestNG.java:77)
]]>
            </full-stacktrace>
          </exception> <!-- java.lang.AssertionError -->
          <reporter-output>
          </reporter-output>
        </test-method> <!-- userIDInvalid -->
      </class> <!-- com.nexsoft.test.ExamTesting -->
    </test> <!-- Default test -->
  </suite> <!-- Default suite -->
</testng-results>
